C51 COMPILER V9.60.7.0   MAIN                                                              03/07/2026 15:30:05 PAGE 1   


C51 COMPILER V9.60.7.0, COMPILATION OF MODULE MAIN
OBJECT MODULE PLACED IN .\Objects\main.obj
COMPILER INVOKED BY: D:\keil5\C51\BIN\C51.EXE main.c OPTIMIZE(8,SPEED) BROWSE DEBUG OBJECTEXTEND PRINT(.\Listings\main.l
                    -st) TABS(2) OBJECT(.\Objects\main.obj)

line level    source

   1          #include <reg52.h>
   2          
   3          sbit LSA = P2^2;
   4          sbit LSB = P2^3;
   5          sbit LSC = P2^4;
   6          
   7          typedef unsigned char u8;
   8          typedef unsigned int u16;
   9          
  10          u8 code SegTable[] = {0x3f, 0x06, 0x5b, 0x4f, 0x66, 0x6d, 0x7d, 0x07, 0x7f, 0x6f};
  11          u8 DisplayBuff[2] = {0, 0};
  12          u8 Counter = 0;
  13          u16 TickCount = 0;
  14          
  15          void Timer0_Init() {
  16   1          TMOD |= 0x01;
  17   1          TH0 = 0xFC;
  18   1          TL0 = 0x18;
  19   1          ET0 = 1;
  20   1          EA = 1;
  21   1          TR0 = 1;
  22   1      }
  23          
  24          void Timer0_ISR() interrupt 1 {
  25   1          static u8 i = 0;
  26   1          TH0 = 0xFC;
  27   1          TL0 = 0x18;
  28   1      
  29   1          P0 = 0x00;
  30   1      
  31   1          i++;
  32   1          if(i >= 2) i = 0;
  33   1      
  34   1          switch(i) {
  35   2              case 0: LSA=0; LSB=0; LSC=0; break;
  36   2              case 1: LSA=1; LSB=0; LSC=0; break;
  37   2          }
  38   1      
  39   1          P0 = SegTable[DisplayBuff[i]];
  40   1      
  41   1          TickCount++;
  42   1          if(TickCount >= 1000) {
  43   2              TickCount = 0;
  44   2              Counter++;
  45   2              if(Counter > 99) 
  46   2              {
  47   3                Counter = 0;
  48   3              }
  49   2          }
  50   1      }
  51          
  52          void main() {
  53   1          Timer0_Init();
  54   1          while(1) {
C51 COMPILER V9.60.7.0   MAIN                                                              03/07/2026 15:30:05 PAGE 2   

  55   2              DisplayBuff[0] = Counter % 10;
  56   2              DisplayBuff[1] = Counter / 10;
  57   2          }
  58   1      }


MODULE INFORMATION:   STATIC OVERLAYABLE
   CODE SIZE        =    148    ----
   CONSTANT SIZE    =     10    ----
   XDATA SIZE       =   ----    ----
   PDATA SIZE       =   ----    ----
   DATA SIZE        =      6    ----
   IDATA SIZE       =   ----    ----
   BIT SIZE         =   ----    ----
END OF MODULE INFORMATION.


C51 COMPILATION COMPLETE.  0 WARNING(S),  0 ERROR(S)
