C51 COMPILER V9.60.7.0   MAIN                                                              03/08/2026 12:10:14 PAGE 1   


C51 COMPILER V9.60.7.0, COMPILATION OF MODULE MAIN
OBJECT MODULE PLACED IN .\Objects\main.obj
COMPILER INVOKED BY: D:\keil5\C51\BIN\C51.EXE main.c OPTIMIZE(8,SPEED) BROWSE DEBUG OBJECTEXTEND PRINT(.\Listings\main.l
                    -st) TABS(2) OBJECT(.\Objects\main.obj)

line level    source

   1          #include <reg52.h>
   2          
   3          typedef unsigned int u16;
   4          typedef unsigned char u8;
   5          
   6          // 啣周協吶
   7          #define SMG P0
   8          #define KEY_MATRIX_PORT P1
   9          
  10          // LED 峺幣菊 (聞喘 sbit 鏡羨陣崙⇧閲蝕 P2.2-P2.4 議 74HC138)
  11          sbit LED1 = P2^0;
  12          sbit LED2 = P2^1;
  13          
  14          // 方鷹砿了僉 (P2.2-P2.4)
  15          sbit LSA = P2^2;
  16          sbit LSB = P2^3;
  17          sbit LSC = P2^4;
  18          
  19          // 畠蕉延楚
  20          u16 time_count = 0;   // 柴扮 (0.01s)
  21          u8 state = 0;         // 0:棋字, 1:塰佩, 2:壙唯
  22          
  23          u8 gsmg_code[17] = {
  24              0x3f, 0x06, 0x5b, 0x4f, 0x66, 0x6d, 0x7d, 0x07, 
  25              0x7f, 0x6f, 0x77, 0x7c, 0x39, 0x5e, 0x79, 0x71
  26          };
  27          
  28          // 児粥痕方
  29          void delay_10us(u16 ten_us)
  30           { 
  31   1       while(ten_us--);
  32   1       }
  33          
  34          // 方鷹砿強蓑膝宙
  35          void Display_Time(u16 t)
  36          {
  37   1          u8 i;
  38   1          u8 disp_buf[4];
  39   1          disp_buf[0] = t % 10;
  40   1          disp_buf[1] = (t / 10) % 10;
  41   1          disp_buf[2] = (t / 100) % 10;
  42   1          disp_buf[3] = (t / 1000) % 10;
  43   1      
  44   1          for (i = 0; i < 4; i++)
  45   1          {
  46   2              switch(i)
  47   2              {
  48   3                  case 0: LSC=0; LSB=0; LSA=0; break;
  49   3                  case 1: LSC=0; LSB=0; LSA=1; break;
  50   3                  case 2: LSC=0; LSB=1; LSA=0; break;
  51   3                  case 3: LSC=0; LSB=1; LSA=1; break;
  52   3              }
  53   2              SMG = gsmg_code[disp_buf[i]];
  54   2              if(i == 2) SMG |= 0x80; // 弌方泣
C51 COMPILER V9.60.7.0   MAIN                                                              03/08/2026 12:10:14 PAGE 2   

  55   2              delay_10us(500);
  56   2              SMG = 0x00; // 嶧唹
  57   2          }
  58   1      }
  59          
  60          // 撹示登僅
  61          void Judge_Score(u16 t)
  62          {
  63   1          if ((t >= 950) && (t <= 1050)) 
  64   1          { 
  65   2            LED1 = 0; LED2 = 1; 
  66   2          }
  67   1          else if (((t >= 850) && (t < 950)) || ((t > 1050) && (t <= 1150))) 
  68   1          { 
  69   2            LED1 = 0; LED2 = 0; 
  70   2          }
  71   1          else 
  72   1          {
  73   2          LED1 = 1; LED2 = 1;
  74   2          }
  75   1      }
  76          
  77          // 裳專膝宙
  78          u8 key_matrix_ranks_scan(void)
  79          {
  80   1          u8 key_value = 0;
  81   1          
  82   1         
  83   1          KEY_MATRIX_PORT = 0x7f; 
  84   1          if(KEY_MATRIX_PORT != 0x7f)
  85   1          {
  86   2              delay_10us(1000); // 嶧橋
  87   2              if(KEY_MATRIX_PORT != 0x7f)
  88   2              {
  89   3                  switch(KEY_MATRIX_PORT)
  90   3                  {
  91   4                      case 0x77: key_value = 1; break; // S1
  92   4                      case 0x7b: key_value = 2; break; // S2 
  93   4                      case 0x7d: key_value = 3; break; // S3 
  94   4                      case 0x7e: key_value = 4; break; // S4 
  95   4                  }
  96   3                  while(KEY_MATRIX_PORT != 0x7f) { Display_Time(time_count); }
  97   3              }
  98   2          }
  99   1          return key_value;
 100   1      }
 101          
 102          void main()
 103          {
 104   1          P2 = 0xFF; 
 105   1          u8 key = 0;
*** ERROR C141 IN LINE 105 OF main.c: syntax error near 'u8', expected '__asm'
*** ERROR C202 IN LINE 105 OF main.c: 'key': undefined identifier
 106   1          TMOD = 0x01;
 107   1          TH0 = (65536 - 9216) / 256;
 108   1          TL0 = (65536 - 9216) % 256;
 109   1          ET0 = 1; EA = 1;
 110   1          LED1 = 1; LED2 = 1;
 111   1      
 112   1          while(1)
 113   1          {
 114   2              key = key_matrix_ranks_scan(); 
C51 COMPILER V9.60.7.0   MAIN                                                              03/08/2026 12:10:14 PAGE 3   

*** ERROR C202 IN LINE 114 OF main.c: 'key': undefined identifier
 115   2              
 116   2              if(key == 1)      // S1 尼強
*** ERROR C202 IN LINE 116 OF main.c: 'key': undefined identifier
 117   2              {
 118   3                  state = 1; TR0 = 1; LED1 = 1; LED2 = 1;
 119   3              }
 120   2              else if(key == 2) // S2 壙唯
*** ERROR C202 IN LINE 120 OF main.c: 'key': undefined identifier
 121   2              {
 122   3                  state = 2; TR0 = 0; Judge_Score(time_count);
 123   3              }
 124   2              else if(key == 3) // S3 賠巣
*** ERROR C202 IN LINE 124 OF main.c: 'key': undefined identifier
 125   2              {
 126   3                  state = 0; TR0 = 0; time_count = 0; LED1 = 1; LED2 = 1;
 127   3              }
 128   2      
 129   2              Display_Time(time_count);
 130   2          }
 131   1      }
 132          
 133          void Timer0_ISR(void) interrupt 1
 134          {
 135   1          TH0 = (65536 - 9216) / 256;
 136   1          TL0 = (65536 - 9216) % 256;
 137   1          if(state == 1) time_count++;
 138   1      }

C51 COMPILATION COMPLETE.  0 WARNING(S),  6 ERROR(S)
