C51 COMPILER V9.60.7.0   MAIN                                                              03/07/2026 17:01:59 PAGE 1   


C51 COMPILER V9.60.7.0, COMPILATION OF MODULE MAIN
OBJECT MODULE PLACED IN .\Objects\main.obj
COMPILER INVOKED BY: D:\keil5\C51\BIN\C51.EXE main.c OPTIMIZE(8,SPEED) BROWSE DEBUG OBJECTEXTEND PRINT(.\Listings\main.l
                    -st) TABS(2) OBJECT(.\Objects\main.obj)

line level    source

   1          #include <reg52.h>
   2          #include <string.h>
   3          
   4          typedef unsigned char u8;
   5          typedef unsigned int u16;
   6          
   7          #define fosc 11059200L
   8          #define baud 9600
   9          
  10          sbit led = P2^0;
  11          
  12          u8 rx_buf[20];
  13          u8 rx_idx = 0;
  14          bit cmd_ready = 0;
  15          
  16          void uart_init()
  17          {
  18   1          SCON = 0x50;
  19   1          TMOD &= 0x0F;
  20   1          TMOD |= 0x20;
  21   1          TH1 = TL1 = -(fosc/12/32/baud);
  22   1          TR1 = 1;
  23   1          ES = 1;
  24   1          EA = 1;
  25   1      }
  26          
  27          void uart_send_string(char *s)
  28          {
  29   1          while(*s)
  30   1          {
  31   2              SBUF = *s++;
  32   2              while(!TI);
  33   2              TI = 0;
  34   2          }
  35   1      }
  36          
  37          void main()
  38          {
  39   1          u16 send_timer = 0;
  40   1          
  41   1          uart_init();
  42   1          
  43   1          while(1)
  44   1          {
  45   2              send_timer++;
  46   2              if(send_timer >= 50000)
  47   2              {
  48   3                  uart_send_string("Hello 51!\r\n");
  49   3                  send_timer = 0;
  50   3              }
  51   2      
  52   2              if(cmd_ready)
  53   2              {
  54   3                  if(strstr(rx_buf, "LED_ON") != NULL)
C51 COMPILER V9.60.7.0   MAIN                                                              03/07/2026 17:01:59 PAGE 2   

  55   3                  {
  56   4                      led = 0;
  57   4                  }
  58   3                  else if(strstr(rx_buf, "LED_OFF") != NULL)
  59   3                  {
  60   4                      led = 1;
  61   4                  }
  62   3                  
  63   3                  memset(rx_buf, 0, sizeof(rx_buf));
  64   3                  rx_idx = 0;
  65   3                  cmd_ready = 0;
  66   3              }
  67   2          }
  68   1      }
  69          
  70          void uart_isr() interrupt 4
  71          {
  72   1          u8 ch;
  73   1          if(RI)
  74   1          {
  75   2              RI = 0;
  76   2              ch = SBUF;
  77   2              if(ch == '\n' || ch == '\r')
  78   2              {
  79   3                  if(rx_idx > 0)
  80   3                  {
  81   4                      rx_buf[rx_idx] = '\0';
  82   4                      cmd_ready = 1;
  83   4                  }
  84   3              }
  85   2              else
  86   2              {
  87   3                  if(rx_idx < 19)
  88   3                  {
  89   4                      rx_buf[rx_idx++] = ch;
  90   4                  }
  91   3              }
  92   2          }
  93   1      }


MODULE INFORMATION:   STATIC OVERLAYABLE
   CODE SIZE        =    261    ----
   CONSTANT SIZE    =     27    ----
   XDATA SIZE       =   ----    ----
   PDATA SIZE       =   ----    ----
   DATA SIZE        =     21       5
   IDATA SIZE       =   ----    ----
   BIT SIZE         =      1    ----
END OF MODULE INFORMATION.


C51 COMPILATION COMPLETE.  0 WARNING(S),  0 ERROR(S)
